C51 COMPILER V9.56.0.0   MAIN                                                              10/04/2017 08:42:15 PAGE 1   


C51 COMPILER V9.56.0.0, COMPILATION OF MODULE MAIN
OBJECT MODULE PLACED IN ..\Output\main.obj
COMPILER INVOKED BY: d:\Keil_v5\C51\BIN\C51.EXE ..\User\main.c OPTIMIZE(8,SPEED) BROWSE INCDIR(..\User) DEBUG OBJECTEXTE
                    -ND PRINT(..\Listing\main.lst) TABS(8) OBJECT(..\Output\main.obj)

line level    source

   1          #include <reg51.h>
   2          int flickerflag=0;
   3          int i;
   4          unsigned char ledvalue;
   5          unsigned char keyvalue;
   6          unsigned char ledvalue=0xfe;
   7          void delay(int t)
   8          {
   9   1              for(;t>0;t--);
  10   1      }
  11          int keyscan(void)
  12          {
  13   1              keyvalue=0xff;
  14   1              if(P2!=0xff)
  15   1              {
  16   2                      delay(10);
  17   2                      if(P2!=0xff)
  18   2                      {
  19   3                              keyvalue=P2;
  20   3                              while((i<100)&&(P2!=0xff))
  21   3                              {
  22   4                                      i++;
  23   4                                      delay(50);
  24   4                              }
  25   3                      }
  26   2              }
  27   1              return keyvalue;
  28   1      }
  29          void keycontrol (unsigned char keyvalue)
  30          {
  31   1              switch(keyvalue)
  32   1              {
  33   2                      case(0xfb):if(ledvalue!=0x7f)ledvalue=~((~ledvalue)<<1);break;
  34   2                      case(0xfd):flickerflag=~flickerflag;break;
  35   2                      case(0xfe):if(ledvalue!=0xfe)ledvalue=~((~ledvalue)>>1);break;
  36   2              }
  37   1      }
  38          int main()
  39          {
  40   1              IT0 = 1;
  41   1              IE=0x81;
  42   1              
  43   1              while(1)
  44   1              {
  45   2                      
  46   2                      
  47   2                      P0=ledvalue;
  48   2                      delay(50);
  49   2                      
  50   2                      if(flickerflag!=0)
  51   2                      {
  52   3                              P0=0xff;
  53   3                              delay(50);
  54   3                      }
C51 COMPILER V9.56.0.0   MAIN                                                              10/04/2017 08:42:15 PAGE 2   

  55   2                      
  56   2              }
  57   1      
  58   1      }
  59          void INT0_handler() interrupt 0
  60          {
  61   1              keycontrol(keyscan());
  62   1      }


MODULE INFORMATION:   STATIC OVERLAYABLE
   CODE SIZE        =    180    ----
   CONSTANT SIZE    =   ----    ----
   XDATA SIZE       =   ----    ----
   PDATA SIZE       =   ----    ----
   DATA SIZE        =      6    ----
   IDATA SIZE       =   ----    ----
   BIT SIZE         =   ----    ----
END OF MODULE INFORMATION.


C51 COMPILATION COMPLETE.  0 WARNING(S),  0 ERROR(S)
