C51 COMPILER V9.56.0.0   MAIN                                                              10/13/2017 17:11:47 PAGE 1   


C51 COMPILER V9.56.0.0, COMPILATION OF MODULE MAIN
OBJECT MODULE PLACED IN ..\Output\main.obj
COMPILER INVOKED BY: d:\Keil_v5\C51\BIN\C51.EXE ..\User\main.c OPTIMIZE(8,SPEED) BROWSE INCDIR(..\User) DEBUG OBJECTEXTE
                    -ND PRINT(..\Listing\main.lst) TABS(8) OBJECT(..\Output\main.obj)

line level    source

   1          #include <reg51.h>
   2          #define u8 unsigned char
   3          sbit k1=P2^1;
   4          sbit k2=P2^2;
   5          sbit k3=P2^3;
   6          sbit k4=P2^4;
   7          sbit m1=P2^0;
   8          sbit m2=P2^7;
   9          u8 SegCode[10] = {0x3F, 0x06, 0x5B, 0x4F, 0x66, 0x6D, 0x7D, 0x07, 0x7F, 0x6F};
  10          u8 wei[2]={0xfe , 0xfd};
  11          int l[2]={5,0};
  12          u8 i;
  13          u8 m;
  14          u8 j;
  15          u8 a;
  16          u8 b;
  17          void delay (u8 t)
  18          {
  19   1              for(t; t> 0; t--)
  20   1              {
  21   2                      for(j = 1000; j > 0; j--);
  22   2              }
  23   1      }
  24          void keycontral (void)
  25          {
  26   1              if(0==k1)
  27   1              {
  28   2                      
  29   2                      m1=~m1;
  30   2                      a=m1;
  31   2                      b=m2;
  32   2              }
  33   1              else if(0==k2)
  34   1              {
  35   2                      m1=~m1;
  36   2                      m2=~m2;
  37   2                      a=m1;
  38   2                      b=m2;//反向转动
  39   2              }
  40   1              else if(0==k3)//+3
  41   1              {
  42   2                      if(l[1]<7)
  43   2                      {
  44   3                              l[1]=l[1]+3;
  45   3                      }
  46   2                      else if(l[1]>6)
  47   2                      {
  48   3                              if(l[0]!=9)
  49   3                              {
  50   4                                      l[0]=l[0]+1;
  51   4                                      l[1]=l[1]-7;
  52   4                              }
  53   3                              else
  54   3                              {
C51 COMPILER V9.56.0.0   MAIN                                                              10/13/2017 17:11:47 PAGE 2   

  55   4                                      l[0]=l[1]=9;
  56   4                              }
  57   3                      }//显示器的变化
  58   2              }
  59   1              else if(0==k4)//-5
  60   1              {
  61   2                      if(l[1]>4)
  62   2                      {
  63   3                              l[1]=l[1]-5;
  64   3                      }
  65   2                      else if(l[1]<5)
  66   2                      {
  67   3                              if(l[0]!=0)
  68   3                              {
  69   4                                      l[0]=l[0]-1;
  70   4                                      l[1]=l[1]+5;
  71   4                              }
  72   3                              else
  73   3                              {
  74   4                                      l[0]=l[1]=0;
  75   4                              }
  76   3                      }//显示器的变化
  77   2              }
  78   1              m=10*l[0]+l[1];
  79   1      }
  80          void zhuandong(void)
  81          {
  82   1              delay(1);
  83   1              P2=0xff;
  84   1              delay((100/m)-1);
  85   1              m1=a;
  86   1              m2=b;
  87   1      }
  88          int main()
  89          {
  90   1              IT0=1;
  91   1              IE=0x81;
  92   1              P2=0xff;
  93   1              while(1)
  94   1              {
  95   2                      for(i=0;i<2;i++)
  96   2                      {
  97   3                              P1=wei[i];
  98   3                              P0=SegCode[l[i]];
  99   3                              delay(1);
 100   3                      }
 101   2                      zhuandong();
 102   2              }
 103   1      }
 104          void INT0_HANDER() interrupt 0
 105          {
 106   1              keycontral();
 107   1      }


MODULE INFORMATION:   STATIC OVERLAYABLE
   CODE SIZE        =    299    ----
   CONSTANT SIZE    =   ----    ----
   XDATA SIZE       =   ----    ----
   PDATA SIZE       =   ----    ----
   DATA SIZE        =     21    ----
   IDATA SIZE       =   ----    ----
C51 COMPILER V9.56.0.0   MAIN                                                              10/13/2017 17:11:47 PAGE 3   

   BIT SIZE         =   ----    ----
END OF MODULE INFORMATION.


C51 COMPILATION COMPLETE.  0 WARNING(S),  0 ERROR(S)
