C51 COMPILER V9.56.0.0   MAIN                                                              10/01/2017 09:30:55 PAGE 1   


C51 COMPILER V9.56.0.0, COMPILATION OF MODULE MAIN
OBJECT MODULE PLACED IN ..\Output\main.obj
COMPILER INVOKED BY: d:\Keil_v5\C51\BIN\C51.EXE ..\User\main.c OPTIMIZE(8,SPEED) BROWSE INCDIR(..\User) DEBUG OBJECTEXTE
                    -ND PRINT(..\Listing\main.lst) TABS(2) OBJECT(..\Output\main.obj)

line level    source

   1          #include <reg51.h>
   2          int main()
   3          {
   4   1        int i,a;
   5   1        P0=0xfe;
   6   1        for(i=10000;i>0;i--);
   7   1        for(a=8;a>0;a--)
   8   1        {
   9   2          P0=~P0;
  10   2          P0=P0<<1;
  11   2          P0=~P0;
  12   2          for(i=10000;i>0;i--);
  13   2        }
  14   1        P0=0x7f;
  15   1        for(i=10000;i>0;i--);
  16   1        for(a=8;a>0;a--)
  17   1        {
  18   2          P0=~P0;
  19   2          P0=P0>>1;
  20   2          P0=~P0;
  21   2          for(i=10000;i>0;i--);
  22   2        }
  23   1        return 0;
  24   1      }


MODULE INFORMATION:   STATIC OVERLAYABLE
   CODE SIZE        =    112    ----
   CONSTANT SIZE    =   ----    ----
   XDATA SIZE       =   ----    ----
   PDATA SIZE       =   ----    ----
   DATA SIZE        =   ----    ----
   IDATA SIZE       =   ----    ----
   BIT SIZE         =   ----    ----
END OF MODULE INFORMATION.


C51 COMPILATION COMPLETE.  0 WARNING(S),  0 ERROR(S)
