C51 COMPILER V9.56.0.0   MAIN                                                              10/03/2017 14:05:11 PAGE 1   


C51 COMPILER V9.56.0.0, COMPILATION OF MODULE MAIN
OBJECT MODULE PLACED IN ..\Output\main.obj
COMPILER INVOKED BY: d:\Keil_v5\C51\BIN\C51.EXE ..\User\main.c OPTIMIZE(8,SPEED) BROWSE INCDIR(..\User) DEBUG OBJECTEXTE
                    -ND PRINT(..\Listing\main.lst) TABS(8) OBJECT(..\Output\main.obj)

line level    source

   1          #include <reg51.h>
   2          sbit led=P0^0;
   3          sbit key=P2^0;
   4          sbit int0=P3^2;
   5          void delay(int t)
   6          {
   7   1              for(;t>0;t--);
   8   1      }
   9          int main()
  10          {
  11   1              IT0 = 1;
  12   1              IE = 0x81;
  13   1              key=1;
  14   1              led=1;
  15   1              while(1)
  16   1              {
  17   2                      
  18   2              }
  19   1      }
  20          void INT0_handler () interrupt 0
  21          {
  22   1              if (key==0)
  23   1              {
  24   2                      delay(50);
  25   2                      if(key==0)
  26   2                      {
  27   3                              led=~led;
  28   3                      }
  29   2                      
  30   2              }
  31   1      }


MODULE INFORMATION:   STATIC OVERLAYABLE
   CODE SIZE        =     65    ----
   CONSTANT SIZE    =   ----    ----
   XDATA SIZE       =   ----    ----
   PDATA SIZE       =   ----    ----
   DATA SIZE        =   ----    ----
   IDATA SIZE       =   ----    ----
   BIT SIZE         =   ----    ----
END OF MODULE INFORMATION.


C51 COMPILATION COMPLETE.  0 WARNING(S),  0 ERROR(S)
