C51 COMPILER V9.56.0.0   MAIN                                                              10/06/2017 11:04:45 PAGE 1   


C51 COMPILER V9.56.0.0, COMPILATION OF MODULE MAIN
OBJECT MODULE PLACED IN ..\Output\main.obj
COMPILER INVOKED BY: d:\Keil_v5\C51\BIN\C51.EXE ..\User\main.c OPTIMIZE(8,SPEED) BROWSE INCDIR(..\User) DEBUG OBJECTEXTE
                    -ND PRINT(..\Listing\main.lst) TABS(8) OBJECT(..\Output\main.obj)

line level    source

   1          #include <reg51.h>
   2          sbit led=P0^0;
   3          int i=0;
   4          int main()
   5          {
   6   1              TMOD= 0x10;
   7   1              TH1 = 0x0b;
   8   1              TL1 = 0xdc;
   9   1              IE  = 0x88;
  10   1              TR1=1;
  11   1              led=0;
  12   1              while(1);
  13   1      }
  14          void T1_hander () interrupt 3
  15          {
  16   1              TR1 = 0;
  17   1              TH1 = 0x0b;
  18   1              TL1 = 0xdc;
  19   1              TR1 = 1 ;
  20   1              i++;
  21   1              if(i>=16)
  22   1              {
  23   2                      i=0;
  24   2                      led=~led;
  25   2              }
  26   1      }


MODULE INFORMATION:   STATIC OVERLAYABLE
   CODE SIZE        =     64    ----
   CONSTANT SIZE    =   ----    ----
   XDATA SIZE       =   ----    ----
   PDATA SIZE       =   ----    ----
   DATA SIZE        =      2    ----
   IDATA SIZE       =   ----    ----
   BIT SIZE         =   ----    ----
END OF MODULE INFORMATION.


C51 COMPILATION COMPLETE.  0 WARNING(S),  0 ERROR(S)
