C51 COMPILER V9.56.0.0   MAIN                                                              10/15/2017 20:19:58 PAGE 1   


C51 COMPILER V9.56.0.0, COMPILATION OF MODULE MAIN
OBJECT MODULE PLACED IN ..\Output\main.obj
COMPILER INVOKED BY: d:\Keil_v5\C51\BIN\C51.EXE ..\User\main.c OPTIMIZE(8,SPEED) BROWSE INCDIR(..\User) DEBUG OBJECTEXTE
                    -ND PRINT(..\Listing\main.lst) TABS(8) OBJECT(..\Output\main.obj)

line level    source

   1          #include <reg51.h>
   2          #define u8 unsigned char
   3          u8 SegCode[10] = {0x3F, 0x06, 0x5B, 0x4F, 0x66, 0x6D, 0x7D, 0x07, 0x7F, 0x6F};
   4          wei[4]={0xfe,0xfd,0xfb,0xf7};
   5          luan[4]={5,8,3,0};
   6          u8 i;
   7          void delay(u8 t)
   8          {
   9   1              u8 j;
  10   1              for(;t>0;t--)
  11   1              {
  12   2                      for(j=1000;j>0;j--);
  13   2              }
  14   1      }
  15          int main()
  16          {
  17   1              while(1)
  18   1              {
  19   2                      for(i=0;i<4;i++)
  20   2                      {
  21   3                              P2=wei[i];
  22   3                              P1=SegCode[luan[i]];
  23   3                              delay(1);
  24   3                      }
  25   2              }
  26   1      }


MODULE INFORMATION:   STATIC OVERLAYABLE
   CODE SIZE        =     59    ----
   CONSTANT SIZE    =   ----    ----
   XDATA SIZE       =   ----    ----
   PDATA SIZE       =   ----    ----
   DATA SIZE        =     27    ----
   IDATA SIZE       =   ----    ----
   BIT SIZE         =   ----    ----
END OF MODULE INFORMATION.


C51 COMPILATION COMPLETE.  0 WARNING(S),  0 ERROR(S)
