C51 COMPILER V9.56.0.0   MAIN                                                              11/12/2017 10:38:18 PAGE 1   


C51 COMPILER V9.56.0.0, COMPILATION OF MODULE MAIN
OBJECT MODULE PLACED IN ..\Output\main.obj
COMPILER INVOKED BY: d:\Keil_v5\C51\BIN\C51.EXE ..\User\main.c OPTIMIZE(8,SPEED) BROWSE INCDIR(..\User) DEBUG OBJECTEXTE
                    -ND PRINT(..\Listing\main.lst) TABS(8) OBJECT(..\Output\main.obj)

line level    source

   1          #include <reg51.h>
   2          #define u8 unsigned char
   3          
   4          u8 n;
   5          
   6          void init (void)
   7          {
   8   1              P1=0xfd;
   9   1                      TMOD = 0x20;      //定时器方式二
  10   1                      TH1  = 0xfd;
  11   1                      TL1  = 0xfd;       //八位自动重装载
  12   1                      TR1  = 1;
  13   1                      EA   = 1;           //开启总中断
  14   1                      ES   = 1;           //串口中断
  15   1                      REN  = 1;          //接收允许
  16   1                      RI   = 0;           //接收中断
  17   1                      TI   = 0;           //发出中断
  18   1                      SM0  = 0;
  19   1                      SM1  = 1;          //控制方式1   10位异步
  20   1      }
  21          //void delay(int i)
  22          //{
  23          //        int j;
  24          //        for(j=100;j>0;j--)
  25          //        for(;i>0;i--);
  26          //}
  27          int main()
  28          {
  29   1              init();
  30   1              while(1)
  31   1              {
  32   2      //                SBUF=n;
  33   2      //                while(!TI);
  34   2      //                TI=0;
  35   2      //                n++;
  36   2      //                delay(50);
  37   2              }
  38   1      }
  39          void hander () interrupt 4
  40          {
  41   1              while (RI)
  42   1              {
  43   2                      P1 = SBUF;
  44   2                      RI = 0;
  45   2                      TI = 0;
  46   2              }
  47   1      }


MODULE INFORMATION:   STATIC OVERLAYABLE
   CODE SIZE        =     47    ----
   CONSTANT SIZE    =   ----    ----
   XDATA SIZE       =   ----    ----
   PDATA SIZE       =   ----    ----
C51 COMPILER V9.56.0.0   MAIN                                                              11/12/2017 10:38:18 PAGE 2   

   DATA SIZE        =      1    ----
   IDATA SIZE       =   ----    ----
   BIT SIZE         =   ----    ----
END OF MODULE INFORMATION.


C51 COMPILATION COMPLETE.  0 WARNING(S),  0 ERROR(S)
