C51 COMPILER V9.56.0.0   MAIN                                                              10/04/2017 16:01:35 PAGE 1   


C51 COMPILER V9.56.0.0, COMPILATION OF MODULE MAIN
OBJECT MODULE PLACED IN ..\Output\main.obj
COMPILER INVOKED BY: d:\Keil_v5\C51\BIN\C51.EXE ..\User\main.c OPTIMIZE(8,SPEED) BROWSE INCDIR(..\User) DEBUG OBJECTEXTE
                    -ND PRINT(..\Listing\main.lst) TABS(8) OBJECT(..\Output\main.obj)

line level    source

   1          #include <reg51.h>
   2          unsigned char SegCode[10]={ 0x06, 0x5B, 0x4F, 0x66, 0x6D, 0x7D, 0x07, 0x7F, 0x6F,0x3F};
   3          unsigned char w[]={3,4,5,9,4,7};
   4          int main()
   5          {
   6   1              int i;
   7   1              int t;
   8   1             int a;
   9   1              while(1)
  10   1              {
  11   2                      int m=0x01;
  12   2                      a=0;
  13   2                      for((t=0);t<6;t++)
  14   2                      {
  15   3                              P1=~m;
  16   3                              m=m<<1;
  17   3                              if(t==1||t==3)
  18   3                              {
  19   4                                      P0 = SegCode[t]|0x80;
  20   4                              }
  21   3                              else
  22   3                              P0 = SegCode[t];
  23   3                              a++;
  24   3                              for(i = 100; i > 0; i--);
  25   3                      }
  26   2              }
  27   1      }


MODULE INFORMATION:   STATIC OVERLAYABLE
   CODE SIZE        =     88    ----
   CONSTANT SIZE    =   ----    ----
   XDATA SIZE       =   ----    ----
   PDATA SIZE       =   ----    ----
   DATA SIZE        =     16       2
   IDATA SIZE       =   ----    ----
   BIT SIZE         =   ----    ----
END OF MODULE INFORMATION.


C51 COMPILATION COMPLETE.  0 WARNING(S),  0 ERROR(S)
